pytest : C:\Users\PaulC\AppData\Local\Packages\PythonSoftwareFoundation.Python.3.10_qbz5n2kf
ra8p0\LocalCache\local-packages\Python310\site-packages\pytest_asyncio\plugin.py:208: 
PytestDeprecationWarning: The configuration option "asyncio_default_fixture_loop_scope" is 
unset.
At line:1 char:1
+ pytest tests/ --tb=short -v 2>&1 | Out-File -FilePath test_report.txt ...
+ ~~~~~~~~~~~~~~~~~~~~~~~~~~~~~~~~
    + CategoryInfo          : NotSpecified: (C:\Users\PaulC\...cope" is unset.:String) [],  
   RemoteException
    + FullyQualifiedErrorId : NativeCommandError
 
The event loop scope for asynchronous fixtures will default to the fixture caching scope. 
Future versions of pytest-asyncio will default the loop scope for asynchronous fixtures to 
function scope. Set the default fixture loop scope explicitly in order to avoid unexpected 
behavior in the future. Valid fixture loop scopes are: "function", "class", "module", 
"package", "session"

  warnings.warn(PytestDeprecationWarning(_DEFAULT_FIXTURE_LOOP_SCOPE_UNSET))
============================= test session starts =============================
platform win32 -- Python 3.10.11, pytest-8.3.3, pluggy-1.6.0 -- C:\Users\PaulC\AppData\Local\Microsoft\WindowsApps\PythonSoftwareFoundation.Python.3.10_qbz5n2kfra8p0\python.exe
cachedir: .pytest_cache
rootdir: C:\Users\PaulC\Downloads\development\studio-pilot-vision\studio-pilot-vision\ai-insights
configfile: pytest.ini
plugins: anyio-3.7.1, asyncio-0.24.0, cov-6.1.1
asyncio: mode=auto, default_loop_scope=None
collecting ... collected 450 items

tests/test_admin_endpoints.py::TestAdminAuthentication::test_admin_endpoint_without_key_returns_403 SKIPPED 'admin_endpoints'
(C:\Users\PaulC\Downloads\development\studio-pilot-vision\studio-pilot-
vision\ai-insights\admin_endpoints.py))                                  [  0%]
tests/test_admin_endpoints.py::TestAdminAuthentication::test_admin_endpoint_with_regular_key_returns_403 SKIPPED 'admin_endpoints'
(C:\Users\PaulC\Downloads\development\studio-pilot-vision\studio-pilot-
vision\ai-insights\admin_endpoints.py))                                  [  0%]
tests/test_admin_endpoints.py::TestAdminAuthentication::test_admin_endpoint_with_admin_key_succeeds SKIPPED 'admin_endpoints'
(C:\Users\PaulC\Downloads\development\studio-pilot-vision\studio-pilot-
vision\ai-insights\admin_endpoints.py))                                  [  0%]
tests/test_admin_endpoints.py::TestCacheManagement::test_clear_cache_endpoint SKIPPED 'admin_endpoints'
(C:\Users\PaulC\Downloads\development\studio-pilot-vision\studio-pilot-
vision\ai-insights\admin_endpoints.py))                                  [  0%]
tests/test_admin_endpoints.py::TestCacheManagement::test_cache_stats_endpoint SKIPPED 'admin_endpoints'
(C:\Users\PaulC\Downloads\development\studio-pilot-vision\studio-pilot-
vision\ai-insights\admin_endpoints.py))                                  [  1%]
tests/test_admin_endpoints.py::TestSystemStats::test_system_stats_endpoint SKIPPED 'admin_endpoints'
(C:\Users\PaulC\Downloads\development\studio-pilot-vision\studio-pilot-
vision\ai-insights\admin_endpoints.py))                                  [  1%]
tests/test_admin_endpoints.py::TestSystemStats::test_query_stats_endpoint SKIPPED 'admin_endpoints'
(C:\Users\PaulC\Downloads\development\studio-pilot-vision\studio-pilot-
vision\ai-insights\admin_endpoints.py))                                  [  1%]
tests/test_admin_endpoints.py::TestDataManagement::test_refresh_data_endpoint SKIPPED 'admin_endpoints'
(C:\Users\PaulC\Downloads\development\studio-pilot-vision\studio-pilot-
vision\ai-insights\admin_endpoints.py))                                  [  1%]
tests/test_admin_endpoints.py::TestDataManagement::test_rebuild_indexes_endpoint SKIPPED 'admin_endpoints'
(C:\Users\PaulC\Downloads\development\studio-pilot-vision\studio-pilot-
vision\ai-insights\admin_endpoints.py))                                  [  2%]
tests/test_admin_endpoints.py::TestConfigurationManagement::test_get_config_endpoint SKIPPED 'admin_endpoints'
(C:\Users\PaulC\Downloads\development\studio-pilot-vision\studio-pilot-
vision\ai-insights\admin_endpoints.py))                                  [  2%]
tests/test_admin_endpoints.py::TestConfigurationManagement::test_update_config_endpoint SKIPPED 'admin_endpoints'
(C:\Users\PaulC\Downloads\development\studio-pilot-vision\studio-pilot-
vision\ai-insights\admin_endpoints.py))                                  [  2%]
tests/test_admin_endpoints.py::TestHealthChecks::test_dependency_health_check SKIPPED 'admin_endpoints'
(C:\Users\PaulC\Downloads\development\studio-pilot-vision\studio-pilot-
vision\ai-insights\admin_endpoints.py))                                  [  2%]
tests/test_admin_endpoints.py::TestUserManagement::test_list_api_keys_endpoint SKIPPED 'admin_endpoints'
(C:\Users\PaulC\Downloads\development\studio-pilot-vision\studio-pilot-
vision\ai-insights\admin_endpoints.py))                                  [  2%]
tests/test_admin_endpoints.py::TestUserManagement::test_revoke_api_key_endpoint SKIPPED 'admin_endpoints'
(C:\Users\PaulC\Downloads\development\studio-pilot-vision\studio-pilot-
vision\ai-insights\admin_endpoints.py))                                  [  3%]
tests/test_admin_endpoints.py::TestLogsAndAudit::test_get_logs_endpoint SKIPPED 'admin_endpoints'
(C:\Users\PaulC\Downloads\development\studio-pilot-vision\studio-pilot-
vision\ai-insights\admin_endpoints.py))                                  [  3%]
tests/test_admin_endpoints.py::TestLogsAndAudit::test_audit_trail_endpoint SKIPPED 'admin_endpoints'
(C:\Users\PaulC\Downloads\development\studio-pilot-vision\studio-pilot-
vision\ai-insights\admin_endpoints.py))                                  [  3%]
tests/test_admin_endpoints.py::TestErrorHandling::test_invalid_admin_key_format_returns_403 SKIPPED 'admin_endpoints'
(C:\Users\PaulC\Downloads\development\studio-pilot-vision\studio-pilot-
vision\ai-insights\admin_endpoints.py))                                  [  3%]
tests/test_admin_endpoints.py::TestErrorHandling::test_missing_required_parameters_returns_422 SKIPPED 'admin_endpoints'
(C:\Users\PaulC\Downloads\development\studio-pilot-vision\studio-pilot-
vision\ai-insights\admin_endpoints.py))                                  [  4%]
tests/test_admin_endpoints.py::TestErrorHandling::test_operation_failure_handled_gracefully SKIPPED 'admin_endpoints'
(C:\Users\PaulC\Downloads\development\studio-pilot-vision\studio-pilot-
vision\ai-insights\admin_endpoints.py))                                  [  4%]
tests/test_admin_endpoints.py::TestRateLimiting::test_admin_endpoints_have_higher_rate_limits SKIPPED 'admin_endpoints'
(C:\Users\PaulC\Downloads\development\studio-pilot-vision\studio-pilot-
vision\ai-insights\admin_endpoints.py))                                  [  4%]
tests/test_auth.py::TestAPIKeyValidation::test_valid_api_key_passes PASSED [  4%]
tests/test_auth.py::TestAPIKeyValidation::test_missing_api_key_raises_error FAILED [  4%]
tests/test_auth.py::TestAPIKeyValidation::test_invalid_api_key_raises_error FAILED [  5%]
tests/test_auth.py::TestAPIKeyMiddleware::test_endpoint_with_auth_decorator FAILED [  5%]
tests/test_auth.py::TestAPIKeyMiddleware::test_endpoint_without_auth_decorator PASSED [  5%]
tests/test_auth.py::TestSecurityHeaders::test_api_key_header_name PASSED [  5%]
tests/test_auth.py::TestSecurityHeaders::test_multiple_api_keys_support FAILED [  6%]
tests/test_auth.py::TestAdminAPIKey::test_admin_key_separate_from_regular_key PASSED [  6%]
tests/test_auth.py::TestAdminAPIKey::test_admin_endpoints_require_admin_key PASSED [  6%]
tests/test_auth_comprehensive.py::TestAPIKeyValidation::test_valid_api_key_accepted FAILED [  6%]
tests/test_auth_comprehensive.py::TestAPIKeyValidation::test_invalid_api_key_rejected FAILED [  6%]
tests/test_auth_comprehensive.py::TestAPIKeyValidation::test_missing_api_key_rejected FAILED [  7%]
tests/test_auth_comprehensive.py::TestAPIKeyValidation::test_empty_api_key_rejected FAILED [  7%]
tests/test_auth_comprehensive.py::TestAdminAuthentication::test_admin_key_validation FAILED [  7%]
tests/test_auth_comprehensive.py::TestAdminAuthentication::test_regular_key_not_admin FAILED [  7%]
tests/test_auth_comprehensive.py::TestAdminAuthentication::test_is_admin_key FAILED [  8%]
tests/test_auth_comprehensive.py::TestAuthDecorators::test_require_api_key_decorator PASSED [  8%]
tests/test_auth_comprehensive.py::TestAuthDecorators::test_require_admin_decorator FAILED [  8%]
tests/test_auth_comprehensive.py::TestAuthDecorators::test_optional_auth_decorator FAILED [  8%]
tests/test_auth_comprehensive.py::TestAPIKeyGeneration::test_generate_api_key FAILED [  8%]
tests/test_auth_comprehensive.py::TestAPIKeyGeneration::test_generate_unique_keys FAILED [  9%]
tests/test_auth_comprehensive.py::TestAPIKeyGeneration::test_key_format_validation FAILED [  9%]
tests/test_auth_comprehensive.py::TestAPIKeyStorage::test_store_api_key FAILED [  9%]
tests/test_auth_comprehensive.py::TestAPIKeyStorage::test_retrieve_api_key FAILED [  9%]
tests/test_auth_comprehensive.py::TestAPIKeyStorage::test_revoke_api_key FAILED [ 10%]
tests/test_auth_comprehensive.py::TestAuthMiddleware::test_auth_middleware_initialization FAILED [ 10%]
tests/test_auth_comprehensive.py::TestAuthMiddleware::test_middleware_validates_requests FAILED [ 10%]
tests/test_auth_comprehensive.py::TestAuthMiddleware::test_middleware_adds_auth_headers FAILED [ 10%]
tests/test_auth_comprehensive.py::TestAuthRateLimiting::test_rate_limit_by_api_key FAILED [ 10%]
tests/test_auth_comprehensive.py::TestAuthRateLimiting::test_track_api_key_usage FAILED [ 11%]
tests/test_auth_comprehensive.py::TestAuthRateLimiting::test_get_usage_stats FAILED [ 11%]
tests/test_auth_comprehensive.py::TestAuthTokens::test_generate_jwt_token FAILED [ 11%]
tests/test_auth_comprehensive.py::TestAuthTokens::test_verify_jwt_token FAILED [ 11%]
tests/test_auth_comprehensive.py::TestAuthTokens::test_expired_token_rejected FAILED [ 12%]
tests/test_auth_comprehensive.py::TestAuthPermissions::test_check_permission FAILED [ 12%]
tests/test_auth_comprehensive.py::TestAuthPermissions::test_role_based_access FAILED [ 12%]
tests/test_auth_comprehensive.py::TestAuthAudit::test_log_auth_attempt FAILED [ 12%]
tests/test_auth_comprehensive.py::TestAuthAudit::test_log_failed_auth FAILED [ 12%]
tests/test_auth_comprehensive.py::TestAuthAudit::test_get_auth_history FAILED [ 13%]
tests/test_auth_comprehensive.py::TestAuthSecurity::test_hash_api_key FAILED [ 13%]
tests/test_auth_comprehensive.py::TestAuthSecurity::test_compare_hashed_keys FAILED [ 13%]
tests/test_auth_comprehensive.py::TestAuthSecurity::test_prevent_timing_attacks FAILED [ 13%]
tests/test_auth_comprehensive.py::TestAuthIntegration::test_auth_with_fastapi PASSED [ 14%]
tests/test_auth_comprehensive.py::TestAuthIntegration::test_auth_with_middleware FAILED [ 14%]
tests/test_cognee_comprehensive.py::TestCogneeClient::test_initialize_client PASSED [ 14%]
tests/test_cognee_comprehensive.py::TestCogneeClient::test_add_data_to_cognee FAILED [ 14%]
tests/test_cognee_comprehensive.py::TestCogneeClient::test_query_knowledge_graph FAILED [ 14%]
tests/test_cognee_comprehensive.py::TestCogneeClient::test_handle_connection_errors PASSED [ 15%]
tests/test_cognee_comprehensive.py::TestCogneeClient::test_check_cognee_availability FAILED [ 15%]
tests/test_cognee_comprehensive.py::TestCogneeLazyLoader::test_lazy_initialization FAILED [ 15%]
tests/test_cognee_comprehensive.py::TestCogneeLazyLoader::test_query_with_fallback FAILED [ 15%]
tests/test_cognee_comprehensive.py::TestCogneeLazyLoader::test_availability_check FAILED [ 16%]
tests/test_cognee_comprehensive.py::TestCogneeLazyLoader::test_handle_query_timeout FAILED [ 16%]
tests/test_cognee_comprehensive.py::TestCogneeQuery::test_build_query FAILED [ 16%]
tests/test_cognee_comprehensive.py::TestCogneeQuery::test_parse_response FAILED [ 16%]
tests/test_cognee_comprehensive.py::TestCogneeQuery::test_extract_entities FAILED [ 16%]
tests/test_cognee_comprehensive.py::TestCogneeQuery::test_confidence_scoring FAILED [ 17%]
tests/test_cognee_comprehensive.py::TestCogneeQuery::test_query_expansion FAILED [ 17%]
tests/test_cognee_comprehensive.py::TestCogneeSchema::test_product_schema FAILED [ 17%]
tests/test_cognee_comprehensive.py::TestCogneeSchema::test_relationship_schema FAILED [ 17%]
tests/test_cognee_comprehensive.py::TestCogneeSchema::test_schema_validation FAILED [ 18%]
tests/test_cognee_comprehensive.py::TestCogneeSchema::test_schema_serialization FAILED [ 18%]
tests/test_cognee_comprehensive.py::TestCogneeInit::test_initialize_cognee FAILED [ 18%]
tests/test_cognee_comprehensive.py::TestCogneeInit::test_setup_data_sources FAILED [ 18%]
tests/test_cognee_comprehensive.py::TestCogneeInit::test_configure_embeddings FAILED [ 18%]
tests/test_cognee_comprehensive.py::TestCogneeIntegration::test_cognee_orchestrator_integration PASSED [ 19%]
tests/test_cognee_comprehensive.py::TestCogneeIntegration::test_cognee_fallback_mechanism PASSED [ 19%]
tests/test_cognee_comprehensive.py::TestCogneePerformance::test_query_caching PASSED [ 19%]
tests/test_cognee_comprehensive.py::TestCogneePerformance::test_parallel_queries PASSED [ 19%]
tests/test_cognee_comprehensive.py::TestCogneePerformance::test_connection_pooling PASSED [ 20%]
tests/test_cognee_comprehensive.py::TestCogneeErrorHandling::test_handle_api_errors PASSED [ 20%]
tests/test_cognee_comprehensive.py::TestCogneeErrorHandling::test_handle_initialization_errors FAILED [ 20%]
tests/test_cognee_comprehensive.py::TestCogneeErrorHandling::test_handle_timeout_errors PASSED [ 20%]
tests/test_cognee_comprehensive.py::TestCogneeMetrics::test_track_query_latency PASSED [ 20%]
tests/test_cognee_comprehensive.py::TestCogneeMetrics::test_track_success_rate PASSED [ 21%]
tests/test_cognee_comprehensive.py::TestCogneeMetrics::test_track_cache_hit_rate PASSED [ 21%]
tests/test_cognee_diagnostic.py::test_init PASSED                        [ 21%]
tests/test_cognee_diagnostic.py::test_search PASSED                      [ 21%]
tests/test_config_comprehensive.py::TestConfigLoading::test_load_config_from_environment FAILED [ 22%]
tests/test_config_comprehensive.py::TestConfigLoading::test_load_config_with_defaults FAILED [ 22%]
tests/test_config_comprehensive.py::TestConfigLoading::test_config_respects_environment FAILED [ 22%]
tests/test_config_comprehensive.py::TestConfigLoading::test_validate_required_config FAILED [ 22%]
tests/test_config_comprehensive.py::TestConfigLoading::test_config_missing_required_keys FAILED [ 22%]
tests/test_config_comprehensive.py::TestLoggerSetup::test_setup_logger_basic PASSED [ 23%]
tests/test_config_comprehensive.py::TestLoggerSetup::test_setup_logger_with_level PASSED [ 23%]
tests/test_config_comprehensive.py::TestLoggerSetup::test_get_logger_returns_configured_logger PASSED [ 23%]
tests/test_config_comprehensive.py::TestLoggerSetup::test_logger_formats_messages PASSED [ 23%]
tests/test_config_comprehensive.py::TestLoggerSetup::test_structured_logging PASSED [ 24%]
tests/test_config_comprehensive.py::TestLoggerSetup::test_logger_handles_exceptions PASSED [ 24%]
tests/test_config_comprehensive.py::TestLoggerSetup::test_log_rotation_config FAILED [ 24%]
tests/test_config_comprehensive.py::TestLoggerSetup::test_multiple_handlers PASSED [ 24%]
tests/test_config_comprehensive.py::TestLoggerFilters::test_filter_sensitive_data PASSED [ 24%]
tests/test_config_comprehensive.py::TestLoggerFilters::test_log_level_filtering PASSED [ 25%]
tests/test_config_comprehensive.py::TestConfigValidation::test_validate_api_keys FAILED [ 25%]
tests/test_config_comprehensive.py::TestConfigValidation::test_validate_urls FAILED [ 25%]
tests/test_config_comprehensive.py::TestConfigValidation::test_validate_port_numbers FAILED [ 25%]
tests/test_config_comprehensive.py::TestConfigReload::test_reload_config FAILED [ 26%]
tests/test_config_comprehensive.py::TestConfigReload::test_config_change_notification FAILED [ 26%]
tests/test_config_comprehensive.py::TestLoggerPerformance::test_async_logging PASSED [ 26%]
tests/test_config_comprehensive.py::TestLoggerPerformance::test_log_buffering PASSED [ 26%]
tests/test_config_comprehensive.py::TestConfigEnvironments::test_development_config FAILED [ 26%]
tests/test_config_comprehensive.py::TestConfigEnvironments::test_production_config FAILED [ 27%]
tests/test_config_comprehensive.py::TestConfigEnvironments::test_test_config FAILED [ 27%]
tests/test_config_comprehensive.py::TestLoggerContextManagers::test_log_context FAILED [ 27%]
tests/test_config_comprehensive.py::TestLoggerContextManagers::test_temporary_log_level PASSED [ 27%]
tests/test_config_comprehensive.py::TestConfigSecrets::test_load_secrets_from_file FAILED [ 28%]
tests/test_config_comprehensive.py::TestConfigSecrets::test_mask_sensitive_values FAILED [ 28%]
tests/test_config_comprehensive.py::TestLoggerIntegration::test_logger_with_sentry FAILED [ 28%]
tests/test_config_comprehensive.py::TestLoggerIntegration::test_logger_with_datadog FAILED [ 28%]
tests/test_config_comprehensive.py::TestConfigCaching::test_cache_config_values PASSED [ 28%]
tests/test_config_comprehensive.py::TestConfigCaching::test_invalidate_config_cache PASSED [ 29%]
tests/test_entity_validator.py::TestEntityValidator::test_validate_product_entity FAILED [ 29%]
tests/test_entity_validator.py::TestEntityValidator::test_validate_nonexistent_entity FAILED [ 29%]
tests/test_entity_validator.py::TestEntityValidator::test_validate_multiple_entities FAILED [ 29%]
tests/test_entity_validator.py::TestEntityValidator::test_extract_entity_ids_from_text FAILED [ 30%]
tests/test_entity_validator.py::TestEntityValidator::test_ground_entities_in_context FAILED [ 30%]
tests/test_entity_validator.py::TestEntityValidator::test_validate_entity_type FAILED [ 30%]
tests/test_entity_validator.py::TestEntityValidator::test_handle_database_errors FAILED [ 30%]
tests/test_entity_validator.py::TestEntityValidatorCache::test_cache_validated_entities PASSED [ 30%]
tests/test_entity_validator.py::TestEntityValidatorCache::test_cache_expiration PASSED [ 31%]
tests/test_entity_validator.py::TestEntityRelationships::test_validate_product_customer_relationship FAILED [ 31%]
tests/test_entity_validator.py::TestEntityRelationships::test_extract_relationships_from_query FAILED [ 31%]
tests/test_entity_validator.py::TestEntityMetadata::test_get_entity_metadata FAILED [ 31%]
tests/test_entity_validator.py::TestEntityMetadata::test_enrich_entity_with_metadata PASSED [ 32%]
tests/test_entity_validator.py::TestEntityValidatorSingleton::test_get_entity_validator_returns_singleton PASSED [ 32%]
tests/test_entity_validator.py::TestEntityValidationRules::test_validate_product_id_format FAILED [ 32%]
tests/test_entity_validator.py::TestEntityValidationRules::test_validate_entity_status PASSED [ 32%]
tests/test_entity_validator.py::TestEntityValidatorPerformance::test_batch_validation_performance PASSED [ 32%]
tests/test_entity_validator.py::TestEntityValidatorPerformance::test_parallel_validation FAILED [ 33%]
tests/test_entity_validator.py::TestEntityValidatorErrorHandling::test_handle_network_errors FAILED [ 33%]
tests/test_entity_validator.py::TestEntityValidatorErrorHandling::test_handle_timeout_errors FAILED [ 33%]
tests/test_entity_validator.py::TestEntityValidatorErrorHandling::test_handle_invalid_entity_type PASSED [ 33%]
tests/test_entity_validator.py::TestEntityValidatorIntegration::test_integration_with_orchestrator FAILED [ 34%]
tests/test_entity_validator.py::TestEntityValidatorIntegration::test_entity_validation_in_query_flow PASSED [ 34%]
tests/test_generator_jira_comprehensive.py::TestResponseGenerator::test_generate_basic_response FAILED [ 34%]
tests/test_generator_jira_comprehensive.py::TestResponseGenerator::test_generate_with_system_message FAILED [ 34%]
tests/test_generator_jira_comprehensive.py::TestResponseGenerator::test_generate_with_temperature FAILED [ 34%]
tests/test_generator_jira_comprehensive.py::TestResponseGenerator::test_generate_with_max_tokens FAILED [ 35%]
tests/test_generator_jira_comprehensive.py::TestResponseGenerator::test_streaming_response FAILED [ 35%]
tests/test_generator_jira_comprehensive.py::TestResponseGenerator::test_format_prompt_template FAILED [ 35%]
tests/test_generator_jira_comprehensive.py::TestResponseGenerator::test_build_conversation_history FAILED [ 35%]
tests/test_generator_jira_comprehensive.py::TestJIRAParser::test_parse_basic_issue FAILED [ 36%]
tests/test_generator_jira_comprehensive.py::TestJIRAParser::test_extract_issue_keys FAILED [ 36%]
tests/test_generator_jira_comprehensive.py::TestJIRAParser::test_parse_issue_comments FAILED [ 36%]
tests/test_generator_jira_comprehensive.py::TestJIRAParser::test_parse_issue_attachments FAILED [ 36%]
tests/test_generator_jira_comprehensive.py::TestJIRAParser::test_parse_custom_fields FAILED [ 36%]
tests/test_generator_jira_comprehensive.py::TestJIRAParser::test_format_issue_for_display FAILED [ 37%]
tests/test_generator_jira_comprehensive.py::TestJIRAParser::test_parse_jql_query FAILED [ 37%]
tests/test_generator_jira_comprehensive.py::TestJIRAParser::test_extract_mentions FAILED [ 37%]
tests/test_generator_jira_comprehensive.py::TestJIRAParser::test_parse_sprint_data FAILED [ 37%]
tests/test_generator_jira_comprehensive.py::TestJIRAParser::test_jira_markdown_conversion FAILED [ 38%]
tests/test_generator_jira_comprehensive.py::TestGeneratorAdvanced::test_few_shot_learning FAILED [ 38%]
tests/test_generator_jira_comprehensive.py::TestGeneratorAdvanced::test_chain_of_thought FAILED [ 38%]
tests/test_generator_jira_comprehensive.py::TestGeneratorAdvanced::test_prompt_caching PASSED [ 38%]
tests/test_generator_jira_comprehensive.py::TestGeneratorAdvanced::test_retry_on_failure FAILED [ 38%]
tests/test_generator_jira_comprehensive.py::TestGeneratorAdvanced::test_token_counting FAILED [ 39%]
tests/test_generator_jira_comprehensive.py::TestGeneratorAdvanced::test_truncate_to_limit FAILED [ 39%]
tests/test_generator_jira_comprehensive.py::TestJIRAParserAdvanced::test_parse_issue_links FAILED [ 39%]
tests/test_generator_jira_comprehensive.py::TestJIRAParserAdvanced::test_parse_time_tracking FAILED [ 39%]
tests/test_generator_jira_comprehensive.py::TestJIRAParserAdvanced::test_parse_workflow_transitions FAILED [ 40%]
tests/test_generator_jira_comprehensive.py::TestJIRAParserAdvanced::test_extract_epic_info FAILED [ 40%]
tests/test_generator_jira_comprehensive.py::TestJIRAParserAdvanced::test_parse_board_data FAILED [ 40%]
tests/test_generator_jira_comprehensive.py::TestGeneratorErrorHandling::test_handle_api_timeout FAILED [ 40%]
tests/test_generator_jira_comprehensive.py::TestGeneratorErrorHandling::test_handle_rate_limit FAILED [ 40%]
tests/test_generator_jira_comprehensive.py::TestGeneratorErrorHandling::test_handle_invalid_response FAILED [ 41%]
tests/test_generator_jira_comprehensive.py::TestJIRAParserErrorHandling::test_handle_missing_fields FAILED [ 41%]
tests/test_generator_jira_comprehensive.py::TestJIRAParserErrorHandling::test_handle_malformed_data FAILED [ 41%]
tests/test_generator_jira_comprehensive.py::TestJIRAParserErrorHandling::test_handle_null_values FAILED [ 41%]
tests/test_generator_jira_comprehensive.py::TestGeneratorPerformance::test_batch_generation FAILED [ 42%]
tests/test_generator_jira_comprehensive.py::TestGeneratorPerformance::test_async_generation PASSED [ 42%]
tests/test_generator_jira_comprehensive.py::TestJIRAParserPerformance::test_batch_parsing FAILED [ 42%]
tests/test_generator_jira_comprehensive.py::TestJIRAParserPerformance::test_lazy_parsing FAILED [ 42%]
tests/test_ingestion.py::TestGovernanceActionsIngestion::test_ingest_governance_csv FAILED [ 42%]
tests/test_ingestion.py::TestGovernanceActionsIngestion::test_validate_governance_data FAILED [ 43%]
tests/test_ingestion.py::TestGovernanceActionsIngestion::test_governance_data_transformation PASSED [ 43%]
tests/test_ingestion.py::TestProductSnapshotIngestion::test_ingest_product_snapshot FAILED [ 43%]
tests/test_ingestion.py::TestProductSnapshotIngestion::test_calculate_product_metrics FAILED [ 43%]
tests/test_ingestion.py::TestProductSnapshotIngestion::test_product_data_validation PASSED [ 44%]
tests/test_ingestion.py::TestDataValidation::test_validate_required_fields PASSED [ 44%]
tests/test_ingestion.py::TestDataValidation::test_validate_data_types PASSED [ 44%]
tests/test_ingestion.py::TestDataValidation::test_validate_enum_values PASSED [ 44%]
tests/test_ingestion.py::TestBatchProcessing::test_process_in_batches PASSED [ 44%]
tests/test_ingestion.py::TestBatchProcessing::test_batch_error_handling FAILED [ 45%]
tests/test_ingestion.py::TestDataTransformation::test_normalize_field_names PASSED [ 45%]
tests/test_ingestion.py::TestDataTransformation::test_handle_missing_values PASSED [ 45%]
tests/test_ingestion.py::TestDataTransformation::test_data_type_conversion PASSED [ 45%]
tests/test_ingestion.py::TestErrorHandling::test_handle_file_not_found FAILED [ 46%]
tests/test_ingestion.py::TestErrorHandling::test_handle_database_error FAILED [ 46%]
tests/test_ingestion.py::TestErrorHandling::test_handle_invalid_csv_format PASSED [ 46%]
tests/test_ingestion.py::TestIngestionMetrics::test_track_ingestion_metrics PASSED [ 46%]
tests/test_ingestion.py::TestIngestionMetrics::test_calculate_success_rate PASSED [ 46%]
tests/test_ingestion.py::TestIngestionMetrics::test_track_processing_time PASSED [ 47%]
tests/test_ingestion.py::TestDataQuality::test_check_duplicate_records PASSED [ 47%]
tests/test_ingestion.py::TestDataQuality::test_check_data_completeness PASSED [ 47%]
tests/test_ingestion.py::TestDataQuality::test_check_data_consistency PASSED [ 47%]
tests/test_integration.py::TestCogneeRAGIntegration::test_cognee_success_no_rag_fallback FAILED [ 48%]
tests/test_integration.py::TestCogneeRAGIntegration::test_cognee_failure_triggers_rag_fallback PASSED [ 48%]
tests/test_integration.py::TestCogneeRAGIntegration::test_cognee_unavailable_uses_rag_directly FAILED [ 48%]
tests/test_integration.py::TestHybridFlow::test_mixed_query_uses_both_sources FAILED [ 48%]
tests/test_integration.py::TestEntityValidation::test_invalid_entities_add_warnings FAILED [ 48%]
tests/test_integration.py::TestConfidenceThresholds::test_low_confidence_triggers_hybrid_approach PASSED [ 49%]
tests/test_integration.py::TestReasoningTrace::test_reasoning_trace_documents_fallback FAILED [ 49%]
tests/test_integration.py::TestEndToEndScenarios::test_product_query_with_context FAILED [ 49%]
tests/test_integration.py::TestEndToEndScenarios::test_portfolio_analysis_query FAILED [ 49%]
tests/test_intent_classifier.py::TestHeuristicClassification::test_factual_query_classification PASSED [ 50%]
tests/test_intent_classifier.py::TestHeuristicClassification::test_historical_query_classification FAILED [ 50%]
tests/test_intent_classifier.py::TestHeuristicClassification::test_causal_query_classification PASSED [ 50%]
tests/test_intent_classifier.py::TestHeuristicClassification::test_mixed_query_classification FAILED [ 50%]
tests/test_intent_classifier.py::TestHeuristicClassification::test_unknown_query_low_confidence FAILED [ 50%]
tests/test_intent_classifier.py::TestConfidenceScoring::test_multiple_keyword_matches_increase_confidence PASSED [ 51%]
tests/test_intent_classifier.py::TestConfidenceScoring::test_confidence_bounded_by_threshold PASSED [ 51%]
tests/test_intent_classifier.py::TestClassificationHistory::test_classification_logged PASSED [ 51%]
tests/test_intent_classifier.py::TestClassificationHistory::test_get_classification_stats PASSED [ 51%]
tests/test_main_comprehensive.py::TestRootEndpoint::test_root_returns_healthy_status PASSED [ 52%]
tests/test_main_comprehensive.py::TestRootEndpoint::test_root_response_structure PASSED [ 52%]
tests/test_main_comprehensive.py::TestHealthEndpoint::test_health_returns_detailed_status PASSED [ 52%]
tests/test_main_comprehensive.py::TestHealthEndpoint::test_health_shows_groq_configured PASSED [ 52%]
tests/test_main_comprehensive.py::TestHealthEndpoint::test_health_shows_cognee_status PASSED [ 52%]
tests/test_main_comprehensive.py::TestMetricsEndpoint::test_metrics_returns_prometheus_format PASSED [ 53%]
tests/test_main_comprehensive.py::TestQueryEndpoint::test_query_basic_request PASSED [ 53%]
tests/test_main_comprehensive.py::TestQueryEndpoint::test_query_with_product_id PASSED [ 53%]
tests/test_main_comprehensive.py::TestQueryEndpoint::test_query_with_top_k PASSED [ 53%]
tests/test_main_comprehensive.py::TestQueryEndpoint::test_query_without_sources PASSED [ 54%]
tests/test_main_comprehensive.py::TestQueryEndpoint::test_query_empty_query_validation PASSED [ 54%]
tests/test_main_comprehensive.py::TestQueryEndpoint::test_query_missing_query_field PASSED [ 54%]
tests/test_main_comprehensive.py::TestProductInsightEndpoint::test_product_insight_success PASSED [ 54%]
tests/test_main_comprehensive.py::TestProductInsightEndpoint::test_product_insight_not_found PASSED [ 54%]
tests/test_main_comprehensive.py::TestProductInsightEndpoint::test_product_insight_different_types PASSED [ 55%]
tests/test_main_comprehensive.py::TestPortfolioInsightEndpoint::test_portfolio_insight_success PASSED [ 55%]
tests/test_main_comprehensive.py::TestPortfolioInsightEndpoint::test_portfolio_insight_no_products PASSED [ 55%]
tests/test_main_comprehensive.py::TestPortfolioInsightEndpoint::test_portfolio_insight_with_filters PASSED [ 55%]
tests/test_main_comprehensive.py::TestIngestEndpoint::test_ingest_documents_source PASSED [ 56%]
tests/test_main_comprehensive.py::TestIngestEndpoint::test_ingest_products_source PASSED [ 56%]
tests/test_main_comprehensive.py::TestIngestEndpoint::test_ingest_feedback_source PASSED [ 56%]
tests/test_main_comprehensive.py::TestIngestEndpoint::test_ingest_feedback_with_product_id PASSED [ 56%]
tests/test_main_comprehensive.py::TestIngestEndpoint::test_ingest_unknown_source PASSED [ 56%]
tests/test_main_comprehensive.py::TestStatsEndpoint::test_stats_returns_vector_count PASSED [ 57%]
tests/test_main_comprehensive.py::TestJiraCSVUpload::test_upload_csv_success PASSED [ 57%]
tests/test_main_comprehensive.py::TestJiraCSVUpload::test_upload_non_csv_rejected PASSED [ 57%]
tests/test_main_comprehensive.py::TestJiraCSVUpload::test_upload_invalid_encoding PASSED [ 57%]
tests/test_main_comprehensive.py::TestUploadStatus::test_get_existing_job_status PASSED [ 58%]
tests/test_main_comprehensive.py::TestUploadStatus::test_get_nonexistent_job_status PASSED [ 58%]
tests/test_main_comprehensive.py::TestUnifiedQueryEndpoint::test_unified_query_success PASSED [ 58%]
tests/test_main_comprehensive.py::TestUnifiedQueryEndpoint::test_unified_query_with_context SKIPPED [ 58%]
tests/test_main_comprehensive.py::TestUnifiedQueryEndpoint::test_unified_query_error_handling SKIPPED [ 58%]
tests/test_main_comprehensive.py::TestCogneeQueryEndpoint::test_cognee_query_success SKIPPED [ 59%]
tests/test_main_comprehensive.py::TestCogneeQueryEndpoint::test_cognee_query_unavailable SKIPPED [ 59%]
tests/test_main_comprehensive.py::TestCogneeIngestEndpoints::test_cognee_ingest_products PASSED [ 59%]
tests/test_main_comprehensive.py::TestCogneeIngestEndpoints::test_cognee_ingest_actions PASSED [ 59%]
tests/test_main_comprehensive.py::TestCogneeIngestEndpoints::test_cognee_ingest_status_existing PASSED [ 60%]
tests/test_main_comprehensive.py::TestCogneeIngestEndpoints::test_cognee_ingest_status_not_found PASSED [ 60%]
tests/test_main_comprehensive.py::TestAdminEndpoints::test_admin_trigger_cognify PASSED [ 60%]
tests/test_main_comprehensive.py::TestAdminEndpoints::test_admin_get_status PASSED [ 60%]
tests/test_main_comprehensive.py::TestAdminEndpoints::test_admin_reset_cognee PASSED [ 60%]
tests/test_main_comprehensive.py::TestLazyLoading::test_lazy_loading_through_health_endpoint PASSED [ 61%]
tests/test_main_comprehensive.py::TestLazyLoading::test_lazy_loading_through_query_endpoint PASSED [ 61%]
tests/test_main_comprehensive.py::TestBackgroundWarmup::test_background_warmup_called_on_startup PASSED [ 61%]
tests/test_main_comprehensive.py::TestBackgroundWarmup::test_app_responds_before_warmup_completes PASSED [ 61%]
tests/test_main_comprehensive.py::TestSupabaseHelper::test_fetch_from_supabase_success PASSED [ 62%]
tests/test_main_comprehensive.py::TestSupabaseHelper::test_fetch_from_supabase_not_configured PASSED [ 62%]
tests/test_main_comprehensive.py::TestRequestModels::test_query_request_defaults PASSED [ 62%]
tests/test_main_comprehensive.py::TestRequestModels::test_ingest_request_requires_source PASSED [ 62%]
tests/test_main_comprehensive.py::TestRequestModels::test_product_insight_request_requires_product_id PASSED [ 62%]
tests/test_main_comprehensive.py::TestRequestModels::test_portfolio_insight_request_requires_query PASSED [ 63%]
tests/test_main_comprehensive.py::TestCORSMiddleware::test_cors_headers_present PASSED [ 63%]
tests/test_main_comprehensive.py::TestCORSMiddleware::test_cors_allows_all_origins PASSED [ 63%]
tests/test_main_comprehensive.py::TestErrorHandling::test_invalid_json_returns_422 PASSED [ 63%]
tests/test_main_comprehensive.py::TestErrorHandling::test_supabase_error_handling PASSED [ 64%]
tests/test_main_comprehensive.py::TestProcessJiraCsvBackground::test_process_valid_csv PASSED [ 64%]
tests/test_main_comprehensive.py::TestProcessJiraCsvBackground::test_process_empty_csv PASSED [ 64%]
tests/test_main_endpoints.py::TestHealthEndpoints::test_health_endpoint_returns_200 PASSED [ 64%]
tests/test_main_endpoints.py::TestHealthEndpoints::test_health_endpoint_includes_timestamp FAILED [ 64%]
tests/test_main_endpoints.py::TestHealthEndpoints::test_metrics_endpoint_returns_prometheus_format PASSED [ 65%]
